This is pdfTeX, Version 3.141592653-2.6-1.40.26 (TeX Live 2024) (preloaded format=pdflatex 2024.10.8)  8 OCT 2024 15:56
entering extended mode
 restricted \write18 enabled.
 %&-line parsing enabled.
**hippocampal_subfield.tex
(./hippocampal_subfield.tex
LaTeX2e <2024-06-01> patch level 2
L3 programming layer <2024-09-10>
(/Users/danielacossio/Library/TinyTeX/texmf-dist/tex/latex/base/article.cls
Document Class: article 2024/02/08 v1.4n Standard LaTeX document class
(/Users/danielacossio/Library/TinyTeX/texmf-dist/tex/latex/base/size10.clo
File: size10.clo 2024/02/08 v1.4n Standard LaTeX file (size option)
)
\c@part=\count194
\c@section=\count195
\c@subsection=\count196
\c@subsubsection=\count197
\c@paragraph=\count198
\c@subparagraph=\count199
\c@figure=\count266
\c@table=\count267
\abovecaptionskip=\skip49
\belowcaptionskip=\skip50
\bibindent=\dimen141
) (/Users/danielacossio/Library/TinyTeX/texmf-dist/tex/latex/amsmath/amsmath.sty
Package: amsmath 2024/05/23 v2.17q AMS math features
\@mathmargin=\skip51
For additional information on amsmath, use the `?' option.
(/Users/danielacossio/Library/TinyTeX/texmf-dist/tex/latex/amsmath/amstext.sty
Package: amstext 2021/08/26 v2.01 AMS text
(/Users/danielacossio/Library/TinyTeX/texmf-dist/tex/latex/amsmath/amsgen.sty
File: amsgen.sty 1999/11/30 v2.0 generic functions
\@emptytoks=\toks17
\ex@=\dimen142
)) (/Users/danielacossio/Library/TinyTeX/texmf-dist/tex/latex/amsmath/amsbsy.sty
Package: amsbsy 1999/11/29 v1.2d Bold Symbols
\pmbraise@=\dimen143
) (/Users/danielacossio/Library/TinyTeX/texmf-dist/tex/latex/amsmath/amsopn.sty
Package: amsopn 2022/04/08 v2.04 operator names
)
\inf@bad=\count268
LaTeX Info: Redefining \frac on input line 233.
\uproot@=\count269
\leftroot@=\count270
LaTeX Info: Redefining \overline on input line 398.
LaTeX Info: Redefining \colon on input line 409.
\classnum@=\count271
\DOTSCASE@=\count272
LaTeX Info: Redefining \ldots on input line 495.
LaTeX Info: Redefining \dots on input line 498.
LaTeX Info: Redefining \cdots on input line 619.
\Mathstrutbox@=\box52
\strutbox@=\box53
LaTeX Info: Redefining \big on input line 721.
LaTeX Info: Redefining \Big on input line 722.
LaTeX Info: Redefining \bigg on input line 723.
LaTeX Info: Redefining \Bigg on input line 724.
\big@size=\dimen144
LaTeX Font Info:    Redeclaring font encoding OML on input line 742.
LaTeX Font Info:    Redeclaring font encoding OMS on input line 743.
\macc@depth=\count273
LaTeX Info: Redefining \bmod on input line 904.
LaTeX Info: Redefining \pmod on input line 909.
LaTeX Info: Redefining \smash on input line 939.
LaTeX Info: Redefining \relbar on input line 969.
LaTeX Info: Redefining \Relbar on input line 970.
\c@MaxMatrixCols=\count274
\dotsspace@=\muskip17
\c@parentequation=\count275
\dspbrk@lvl=\count276
\tag@help=\toks18
\row@=\count277
\column@=\count278
\maxfields@=\count279
\andhelp@=\toks19
\eqnshift@=\dimen145
\alignsep@=\dimen146
\tagshift@=\dimen147
\tagwidth@=\dimen148
\totwidth@=\dimen149
\lineht@=\dimen150
\@envbody=\toks20
\multlinegap=\skip52
\multlinetaggap=\skip53
\mathdisplay@stack=\toks21
LaTeX Info: Redefining \[ on input line 2953.
LaTeX Info: Redefining \] on input line 2954.
) (/Users/danielacossio/Library/TinyTeX/texmf-dist/tex/latex/amsfonts/amssymb.sty
Package: amssymb 2013/01/14 v3.01 AMS font symbols
(/Users/danielacossio/Library/TinyTeX/texmf-dist/tex/latex/amsfonts/amsfonts.sty
Package: amsfonts 2013/01/14 v3.01 Basic AMSFonts support
\symAMSa=\mathgroup4
\symAMSb=\mathgroup5
LaTeX Font Info:    Redeclaring math symbol \hbar on input line 98.
LaTeX Font Info:    Overwriting math alphabet `\mathfrak' in version `bold'
(Font)                  U/euf/m/n --> U/euf/b/n on input line 106.
)) (/Users/danielacossio/Library/TinyTeX/texmf-dist/tex/latex/lm/lmodern.sty
Package: lmodern 2015/05/01 v1.6.1 Latin Modern Fonts
LaTeX Font Info:    Overwriting symbol font `operators' in version `normal'
(Font)                  OT1/cmr/m/n --> OT1/lmr/m/n on input line 22.
LaTeX Font Info:    Overwriting symbol font `letters' in version `normal'
(Font)                  OML/cmm/m/it --> OML/lmm/m/it on input line 23.
LaTeX Font Info:    Overwriting symbol font `symbols' in version `normal'
(Font)                  OMS/cmsy/m/n --> OMS/lmsy/m/n on input line 24.
LaTeX Font Info:    Overwriting symbol font `largesymbols' in version `normal'
(Font)                  OMX/cmex/m/n --> OMX/lmex/m/n on input line 25.
LaTeX Font Info:    Overwriting symbol font `operators' in version `bold'
(Font)                  OT1/cmr/bx/n --> OT1/lmr/bx/n on input line 26.
LaTeX Font Info:    Overwriting symbol font `letters' in version `bold'
(Font)                  OML/cmm/b/it --> OML/lmm/b/it on input line 27.
LaTeX Font Info:    Overwriting symbol font `symbols' in version `bold'
(Font)                  OMS/cmsy/b/n --> OMS/lmsy/b/n on input line 28.
LaTeX Font Info:    Overwriting symbol font `largesymbols' in version `bold'
(Font)                  OMX/cmex/m/n --> OMX/lmex/m/n on input line 29.
LaTeX Font Info:    Overwriting math alphabet `\mathbf' in version `normal'
(Font)                  OT1/cmr/bx/n --> OT1/lmr/bx/n on input line 31.
LaTeX Font Info:    Overwriting math alphabet `\mathsf' in version `normal'
(Font)                  OT1/cmss/m/n --> OT1/lmss/m/n on input line 32.
LaTeX Font Info:    Overwriting math alphabet `\mathit' in version `normal'
(Font)                  OT1/cmr/m/it --> OT1/lmr/m/it on input line 33.
LaTeX Font Info:    Overwriting math alphabet `\mathtt' in version `normal'
(Font)                  OT1/cmtt/m/n --> OT1/lmtt/m/n on input line 34.
LaTeX Font Info:    Overwriting math alphabet `\mathbf' in version `bold'
(Font)                  OT1/cmr/bx/n --> OT1/lmr/bx/n on input line 35.
LaTeX Font Info:    Overwriting math alphabet `\mathsf' in version `bold'
(Font)                  OT1/cmss/bx/n --> OT1/lmss/bx/n on input line 36.
LaTeX Font Info:    Overwriting math alphabet `\mathit' in version `bold'
(Font)                  OT1/cmr/bx/it --> OT1/lmr/bx/it on input line 37.
LaTeX Font Info:    Overwriting math alphabet `\mathtt' in version `bold'
(Font)                  OT1/cmtt/m/n --> OT1/lmtt/m/n on input line 38.
) (/Users/danielacossio/Library/TinyTeX/texmf-dist/tex/generic/iftex/iftex.sty
Package: iftex 2022/02/03 v1.0f TeX engine tests
) (/Users/danielacossio/Library/TinyTeX/texmf-dist/tex/latex/base/fontenc.sty
Package: fontenc 2021/04/29 v2.0v Standard LaTeX package
LaTeX Font Info:    Trying to load font information for T1+lmr on input line 116.
(/Users/danielacossio/Library/TinyTeX/texmf-dist/tex/latex/lm/t1lmr.fd
File: t1lmr.fd 2015/05/01 v1.6.1 Font defs for Latin Modern
)) (/Users/danielacossio/Library/TinyTeX/texmf-dist/tex/latex/base/inputenc.sty
Package: inputenc 2024/02/08 v1.3d Input encoding file
\inpenc@prehook=\toks22
\inpenc@posthook=\toks23
) (/Users/danielacossio/Library/TinyTeX/texmf-dist/tex/latex/base/textcomp.sty
Package: textcomp 2024/04/24 v2.1b Standard LaTeX package
) (/Users/danielacossio/Library/TinyTeX/texmf-dist/tex/latex/xcolor/xcolor.sty
Package: xcolor 2024/09/29 v3.02 LaTeX color extensions (UK)
(/Users/danielacossio/Library/TinyTeX/texmf-dist/tex/latex/graphics-cfg/color.cfg
File: color.cfg 2016/01/02 v1.6 sample color configuration
)
Package xcolor Info: Driver file: pdftex.def on input line 274.
(/Users/danielacossio/Library/TinyTeX/texmf-dist/tex/latex/graphics-def/pdftex.def
File: pdftex.def 2024/04/13 v1.2c Graphics/color driver for pdftex
) (/Users/danielacossio/Library/TinyTeX/texmf-dist/tex/latex/graphics/mathcolor.ltx)
Package xcolor Info: Model `cmy' substituted by `cmy0' on input line 1349.
Package xcolor Info: Model `hsb' substituted by `rgb' on input line 1353.
Package xcolor Info: Model `RGB' extended on input line 1365.
Package xcolor Info: Model `HTML' substituted by `rgb' on input line 1367.
Package xcolor Info: Model `Hsb' substituted by `hsb' on input line 1368.
Package xcolor Info: Model `tHsb' substituted by `hsb' on input line 1369.
Package xcolor Info: Model `HSB' substituted by `hsb' on input line 1370.
Package xcolor Info: Model `Gray' substituted by `gray' on input line 1371.
Package xcolor Info: Model `wave' substituted by `hsb' on input line 1372.
) (/Users/danielacossio/Library/TinyTeX/texmf-dist/tex/latex/geometry/geometry.sty
Package: geometry 2020/01/02 v5.9 Page Geometry
(/Users/danielacossio/Library/TinyTeX/texmf-dist/tex/latex/graphics/keyval.sty
Package: keyval 2022/05/29 v1.15 key=value parser (DPC)
\KV@toks@=\toks24
) (/Users/danielacossio/Library/TinyTeX/texmf-dist/tex/generic/iftex/ifvtex.sty
Package: ifvtex 2019/10/25 v1.7 ifvtex legacy package. Use iftex instead.
)
\Gm@cnth=\count280
\Gm@cntv=\count281
\c@Gm@tempcnt=\count282
\Gm@bindingoffset=\dimen151
\Gm@wd@mp=\dimen152
\Gm@odd@mp=\dimen153
\Gm@even@mp=\dimen154
\Gm@layoutwidth=\dimen155
\Gm@layoutheight=\dimen156
\Gm@layouthoffset=\dimen157
\Gm@layoutvoffset=\dimen158
\Gm@dimlist=\toks25
) (/Users/danielacossio/Library/TinyTeX/texmf-dist/tex/latex/graphics/graphicx.sty
Package: graphicx 2021/09/16 v1.2d Enhanced LaTeX Graphics (DPC,SPQR)
(/Users/danielacossio/Library/TinyTeX/texmf-dist/tex/latex/graphics/graphics.sty
Package: graphics 2024/05/23 v1.4g Standard LaTeX Graphics (DPC,SPQR)
(/Users/danielacossio/Library/TinyTeX/texmf-dist/tex/latex/graphics/trig.sty
Package: trig 2023/12/02 v1.11 sin cos tan (DPC)
) (/Users/danielacossio/Library/TinyTeX/texmf-dist/tex/latex/graphics-cfg/graphics.cfg
File: graphics.cfg 2016/06/04 v1.11 sample graphics configuration
)
Package graphics Info: Driver file: pdftex.def on input line 106.
)
\Gin@req@height=\dimen159
\Gin@req@width=\dimen160
) (/Users/danielacossio/Library/TinyTeX/texmf-dist/tex/latex/booktabs/booktabs.sty
Package: booktabs 2020/01/12 v1.61803398 Publication quality tables
\heavyrulewidth=\dimen161
\lightrulewidth=\dimen162
\cmidrulewidth=\dimen163
\belowrulesep=\dimen164
\belowbottomsep=\dimen165
\aboverulesep=\dimen166
\abovetopsep=\dimen167
\cmidrulesep=\dimen168
\cmidrulekern=\dimen169
\defaultaddspace=\dimen170
\@cmidla=\count283
\@cmidlb=\count284
\@aboverulesep=\dimen171
\@belowrulesep=\dimen172
\@thisruleclass=\count285
\@lastruleclass=\count286
\@thisrulewidth=\dimen173
) (/Users/danielacossio/Library/TinyTeX/texmf-dist/tex/latex/sectsty/sectsty.sty
Package: sectsty 2002/02/25 v2.0.2 Commands to change all sectional heading styles

LaTeX Warning: Command \underbar  has changed.
               Check if current package is valid.


LaTeX Warning: Command \underline  has changed.
               Check if current package is valid.

) (/Users/danielacossio/Library/TinyTeX/texmf-dist/tex/latex/titlesec/titlesec.sty
Package: titlesec 2023/10/27 v2.16 Sectioning titles
\ttl@box=\box54
\beforetitleunit=\skip54
\aftertitleunit=\skip55
\ttl@plus=\dimen174
\ttl@minus=\dimen175
\ttl@toksa=\toks26
\titlewidth=\dimen176
\titlewidthlast=\dimen177
\titlewidthfirst=\dimen178
) (/Users/danielacossio/Library/TinyTeX/texmf-dist/tex/latex/lipsum/lipsum.sty (/Users/danielacossio/Library/TinyTeX/texmf-dist/tex/latex/l3packages/l3keys2e/l3keys2e.sty (/Users/danielacossio/Library/TinyTeX/texmf-dist/tex/latex/l3kernel/expl3.sty
Package: expl3 2024-09-10 L3 programming layer (loader) 
(/Users/danielacossio/Library/TinyTeX/texmf-dist/tex/latex/l3backend/l3backend-pdftex.def
File: l3backend-pdftex.def 2024-05-08 L3 backend support: PDF output (pdfTeX)
\l__color_backend_stack_int=\count287
\l__pdf_internal_box=\box55
))
Package: l3keys2e 2024-08-16 LaTeX2e option processing using LaTeX3 keys
)
Package: lipsum 2021-09-20 v2.7 150 paragraphs of Lorem Ipsum dummy text
\g__lipsum_par_int=\count288
\l__lipsum_a_int=\count289
\l__lipsum_b_int=\count290
(/Users/danielacossio/Library/TinyTeX/texmf-dist/tex/latex/lipsum/lipsum.ltd.tex)) (/Users/danielacossio/Library/TinyTeX/texmf-dist/tex/latex/tools/longtable.sty
Package: longtable 2024-04-26 v4.20 Multi-page Table package (DPC)
\LTleft=\skip56
\LTright=\skip57
\LTpre=\skip58
\LTpost=\skip59
\LTchunksize=\count291
\LTcapwidth=\dimen179
\LT@head=\box56
\LT@firsthead=\box57
\LT@foot=\box58
\LT@lastfoot=\box59
\LT@gbox=\box60
\LT@cols=\count292
\LT@rows=\count293
\c@LT@tables=\count294
\c@LT@chunks=\count295
\LT@p@ftn=\toks27
) (/Users/danielacossio/Library/TinyTeX/texmf-dist/tex/latex/tools/array.sty
Package: array 2024/06/14 v2.6d Tabular extension package (FMi)
\col@sep=\dimen180
\ar@mcellbox=\box61
\extrarowheight=\dimen181
\NC@list=\toks28
\extratabsurround=\skip60
\backup@length=\skip61
\ar@cellbox=\box62
) (/Users/danielacossio/Library/TinyTeX/texmf-dist/tex/latex/multirow/multirow.sty
Package: multirow 2021/03/15 v2.8 Span multiple rows of a table
\multirow@colwidth=\skip62
\multirow@cntb=\count296
\multirow@dima=\skip63
\bigstrutjot=\dimen182
) (/Users/danielacossio/Library/TinyTeX/texmf-dist/tex/latex/wrapfig/wrapfig.sty
\wrapoverhang=\dimen183
\WF@size=\dimen184
\c@WF@wrappedlines=\count297
\WF@box=\box63
\WF@everypar=\toks29
Package: wrapfig 2003/01/31  v 3.6
) (/Users/danielacossio/Library/TinyTeX/texmf-dist/tex/latex/float/float.sty
Package: float 2001/11/08 v1.3d Float enhancements (AL)
\c@float@type=\count298
\float@exts=\toks30
\float@box=\box64
\@float@everytoks=\toks31
\@floatcapt=\box65
) (/Users/danielacossio/Library/TinyTeX/texmf-dist/tex/latex/colortbl/colortbl.sty
Package: colortbl 2024/07/06 v1.0i Color table columns (DPC)
\everycr=\toks32
\minrowclearance=\skip64
\rownum=\count299
) (/Users/danielacossio/Library/TinyTeX/texmf-dist/tex/latex/pdflscape/pdflscape.sty
Package: pdflscape 2022-10-27 v0.13 Display of landscape pages in PDF
(/Users/danielacossio/Library/TinyTeX/texmf-dist/tex/latex/pdflscape/pdflscape-nometadata.sty
Package: pdflscape-nometadata 2022-10-28 v0.13 Display of landscape pages in PDF (HO)
(/Users/danielacossio/Library/TinyTeX/texmf-dist/tex/latex/graphics/lscape.sty
Package: lscape 2020/05/28 v3.02 Landscape Pages (DPC)
)
Package pdflscape Info: Auto-detected driver: pdftex on input line 81.
)) (/Users/danielacossio/Library/TinyTeX/texmf-dist/tex/latex/tabu/tabu.sty
Package: tabu 2019/01/11 v2.9 - flexible LaTeX tabulars (FC+tabu-fixed)
(/Users/danielacossio/Library/TinyTeX/texmf-dist/tex/latex/varwidth/varwidth.sty
Package: varwidth 2009/03/30 ver 0.92;  Variable-width minipages
\@vwid@box=\box66
\sift@deathcycles=\count300
\@vwid@loff=\dimen185
\@vwid@roff=\dimen186
)
\c@taburow=\count301
\tabu@nbcols=\count302
\tabu@cnt=\count303
\tabu@Xcol=\count304
\tabu@alloc=\count305
\tabu@nested=\count306
\tabu@target=\dimen187
\tabu@spreadtarget=\dimen188
\tabu@naturalX=\dimen189
\tabucolX=\dimen190
\tabu@Xsum=\dimen191
\extrarowdepth=\dimen192
\abovetabulinesep=\dimen193
\belowtabulinesep=\dimen194
\tabustrutrule=\dimen195
\tabu@thebody=\toks33
\tabu@footnotes=\toks34
\tabu@box=\box67
\tabu@arstrutbox=\box68
\tabu@hleads=\box69
\tabu@vleads=\box70
\tabu@cellskip=\skip65
) (/Users/danielacossio/Library/TinyTeX/texmf-dist/tex/latex/threeparttable/threeparttable.sty
Package: threeparttable 2003/06/13  v 3.0
\@tempboxb=\box71
) (/Users/danielacossio/Library/TinyTeX/texmf-dist/tex/latex/threeparttablex/threeparttablex.sty
Package: threeparttablex 2013/07/23 v0.3 by daleif
(/Users/danielacossio/Library/TinyTeX/texmf-dist/tex/latex/environ/environ.sty
Package: environ 2014/05/04 v0.3 A new way to define environments
(/Users/danielacossio/Library/TinyTeX/texmf-dist/tex/latex/trimspaces/trimspaces.sty
Package: trimspaces 2009/09/17 v1.1 Trim spaces around a token list
))
\TPTL@width=\skip66
) (/Users/danielacossio/Library/TinyTeX/texmf-dist/tex/generic/ulem/ulem.sty
\UL@box=\box72
\UL@hyphenbox=\box73
\UL@skip=\skip67
\UL@hook=\toks35
\UL@height=\dimen196
\UL@pe=\count307
\UL@pixel=\dimen197
\ULC@box=\box74
Package: ulem 2019/11/18
\ULdepth=\dimen198
) (/Users/danielacossio/Library/TinyTeX/texmf-dist/tex/latex/makecell/makecell.sty
Package: makecell 2009/08/03 V0.1e Managing of Tab Column Heads and Cells
\rotheadsize=\dimen199
\c@nlinenum=\count308
\TeXr@lab=\toks36
) (/Users/danielacossio/Library/TinyTeX/texmf-dist/tex/latex/bookmark/bookmark.sty
Package: bookmark 2023-12-10 v1.31 PDF bookmarks (HO)
(/Users/danielacossio/Library/TinyTeX/texmf-dist/tex/latex/hyperref/hyperref.sty
Package: hyperref 2024-07-10 v7.01j Hypertext links for LaTeX
(/Users/danielacossio/Library/TinyTeX/texmf-dist/tex/latex/kvsetkeys/kvsetkeys.sty
Package: kvsetkeys 2022-10-05 v1.19 Key value parser (HO)
) (/Users/danielacossio/Library/TinyTeX/texmf-dist/tex/generic/kvdefinekeys/kvdefinekeys.sty
Package: kvdefinekeys 2019-12-19 v1.6 Define keys (HO)
) (/Users/danielacossio/Library/TinyTeX/texmf-dist/tex/generic/pdfescape/pdfescape.sty
Package: pdfescape 2019/12/09 v1.15 Implements pdfTeX's escape features (HO)
(/Users/danielacossio/Library/TinyTeX/texmf-dist/tex/generic/ltxcmds/ltxcmds.sty
Package: ltxcmds 2023-12-04 v1.26 LaTeX kernel commands for general use (HO)
) (/Users/danielacossio/Library/TinyTeX/texmf-dist/tex/generic/pdftexcmds/pdftexcmds.sty
Package: pdftexcmds 2020-06-27 v0.33 Utility functions of pdfTeX for LuaTeX (HO)
(/Users/danielacossio/Library/TinyTeX/texmf-dist/tex/generic/infwarerr/infwarerr.sty
Package: infwarerr 2019/12/03 v1.5 Providing info/warning/error messages (HO)
)
Package pdftexcmds Info: \pdf@primitive is available.
Package pdftexcmds Info: \pdf@ifprimitive is available.
Package pdftexcmds Info: \pdfdraftmode found.
)) (/Users/danielacossio/Library/TinyTeX/texmf-dist/tex/latex/hycolor/hycolor.sty
Package: hycolor 2020-01-27 v1.10 Color options for hyperref/bookmark (HO)
) (/Users/danielacossio/Library/TinyTeX/texmf-dist/tex/latex/hyperref/nameref.sty
Package: nameref 2023-11-26 v2.56 Cross-referencing by name of section
(/Users/danielacossio/Library/TinyTeX/texmf-dist/tex/latex/refcount/refcount.sty
Package: refcount 2019/12/15 v3.6 Data extraction from label references (HO)
) (/Users/danielacossio/Library/TinyTeX/texmf-dist/tex/generic/gettitlestring/gettitlestring.sty
Package: gettitlestring 2019/12/15 v1.6 Cleanup title references (HO)
(/Users/danielacossio/Library/TinyTeX/texmf-dist/tex/latex/kvoptions/kvoptions.sty
Package: kvoptions 2022-06-15 v3.15 Key value format for package options (HO)
))
\c@section@level=\count309
) (/Users/danielacossio/Library/TinyTeX/texmf-dist/tex/latex/etoolbox/etoolbox.sty
Package: etoolbox 2020/10/05 v2.5k e-TeX tools for LaTeX (JAW)
\etb@tempcnta=\count310
) (/Users/danielacossio/Library/TinyTeX/texmf-dist/tex/generic/stringenc/stringenc.sty
Package: stringenc 2019/11/29 v1.12 Convert strings between diff. encodings (HO)
)
\@linkdim=\dimen256
\Hy@linkcounter=\count311
\Hy@pagecounter=\count312
(/Users/danielacossio/Library/TinyTeX/texmf-dist/tex/latex/hyperref/pd1enc.def
File: pd1enc.def 2024-07-10 v7.01j Hyperref: PDFDocEncoding definition (HO)
Now handling font encoding PD1 ...
... no UTF-8 mapping file for font encoding PD1
) (/Users/danielacossio/Library/TinyTeX/texmf-dist/tex/generic/intcalc/intcalc.sty
Package: intcalc 2019/12/15 v1.3 Expandable calculations with integers (HO)
)
\Hy@SavedSpaceFactor=\count313
(/Users/danielacossio/Library/TinyTeX/texmf-dist/tex/latex/hyperref/puenc.def
File: puenc.def 2024-07-10 v7.01j Hyperref: PDF Unicode definition (HO)
Now handling font encoding PU ...
... no UTF-8 mapping file for font encoding PU
)
Package hyperref Info: Option `unicode' set `true' on input line 4040.
Package hyperref Info: Hyper figures OFF on input line 4157.
Package hyperref Info: Link nesting OFF on input line 4162.
Package hyperref Info: Hyper index ON on input line 4165.
Package hyperref Info: Plain pages OFF on input line 4172.
Package hyperref Info: Backreferencing OFF on input line 4177.
Package hyperref Info: Implicit mode ON; LaTeX internals redefined.
Package hyperref Info: Bookmarks ON on input line 4424.
\c@Hy@tempcnt=\count314
(/Users/danielacossio/Library/TinyTeX/texmf-dist/tex/latex/url/url.sty
\Urlmuskip=\muskip18
Package: url 2013/09/16  ver 3.4  Verb mode for urls, etc.
)
LaTeX Info: Redefining \url on input line 4763.
\XeTeXLinkMargin=\dimen257
(/Users/danielacossio/Library/TinyTeX/texmf-dist/tex/generic/bitset/bitset.sty
Package: bitset 2019/12/09 v1.3 Handle bit-vector datatype (HO)
(/Users/danielacossio/Library/TinyTeX/texmf-dist/tex/generic/bigintcalc/bigintcalc.sty
Package: bigintcalc 2019/12/15 v1.5 Expandable calculations on big integers (HO)
))
\Fld@menulength=\count315
\Field@Width=\dimen258
\Fld@charsize=\dimen259
Package hyperref Info: Hyper figures OFF on input line 6042.
Package hyperref Info: Link nesting OFF on input line 6047.
Package hyperref Info: Hyper index ON on input line 6050.
Package hyperref Info: backreferencing OFF on input line 6057.
Package hyperref Info: Link coloring OFF on input line 6062.
Package hyperref Info: Link coloring with OCG OFF on input line 6067.
Package hyperref Info: PDF/A mode OFF on input line 6072.
(/Users/danielacossio/Library/TinyTeX/texmf-dist/tex/latex/base/atbegshi-ltx.sty
Package: atbegshi-ltx 2021/01/10 v1.0c Emulation of the original atbegshi
package with kernel methods
)
\Hy@abspage=\count316
\c@Item=\count317
\c@Hfootnote=\count318
)
Package hyperref Info: Driver (autodetected): hpdftex.
(/Users/danielacossio/Library/TinyTeX/texmf-dist/tex/latex/hyperref/hpdftex.def
File: hpdftex.def 2024-07-10 v7.01j Hyperref driver for pdfTeX
(/Users/danielacossio/Library/TinyTeX/texmf-dist/tex/latex/base/atveryend-ltx.sty
Package: atveryend-ltx 2020/08/19 v1.0a Emulation of the original atveryend package
with kernel methods
)
\Fld@listcount=\count319
\c@bookmark@seq@number=\count320
(/Users/danielacossio/Library/TinyTeX/texmf-dist/tex/latex/rerunfilecheck/rerunfilecheck.sty
Package: rerunfilecheck 2022-07-10 v1.10 Rerun checks for auxiliary files (HO)
(/Users/danielacossio/Library/TinyTeX/texmf-dist/tex/generic/uniquecounter/uniquecounter.sty
Package: uniquecounter 2019/12/15 v1.4 Provide unlimited unique counter (HO)
)
Package uniquecounter Info: New unique counter `rerunfilecheck' on input line 285.
)
\Hy@SectionHShift=\skip68
) (/Users/danielacossio/Library/TinyTeX/texmf-dist/tex/latex/bookmark/bkm-pdftex.def
File: bkm-pdftex.def 2023-12-10 v1.31 bookmark driver for pdfTeX and luaTeX (HO)
\BKM@id=\count321
)) (./hippocampal_subfield.aux)
\openout1 = `hippocampal_subfield.aux'.

LaTeX Font Info:    Checking defaults for OML/cmm/m/it on input line 92.
LaTeX Font Info:    ... okay on input line 92.
LaTeX Font Info:    Checking defaults for OMS/cmsy/m/n on input line 92.
LaTeX Font Info:    ... okay on input line 92.
LaTeX Font Info:    Checking defaults for OT1/cmr/m/n on input line 92.
LaTeX Font Info:    ... okay on input line 92.
LaTeX Font Info:    Checking defaults for T1/cmr/m/n on input line 92.
LaTeX Font Info:    ... okay on input line 92.
LaTeX Font Info:    Checking defaults for TS1/cmr/m/n on input line 92.
LaTeX Font Info:    ... okay on input line 92.
LaTeX Font Info:    Checking defaults for OMX/cmex/m/n on input line 92.
LaTeX Font Info:    ... okay on input line 92.
LaTeX Font Info:    Checking defaults for U/cmr/m/n on input line 92.
LaTeX Font Info:    ... okay on input line 92.
LaTeX Font Info:    Checking defaults for PD1/pdf/m/n on input line 92.
LaTeX Font Info:    ... okay on input line 92.
LaTeX Font Info:    Checking defaults for PU/pdf/m/n on input line 92.
LaTeX Font Info:    ... okay on input line 92.
(/Users/danielacossio/Library/TinyTeX/texmf-dist/tex/latex/epstopdf-pkg/epstopdf-base.sty
Package: epstopdf-base 2020-01-24 v2.11 Base part for package epstopdf
Package epstopdf-base Info: Redefining graphics rule for `.eps' on input line 485.
(/Users/danielacossio/Library/TinyTeX/texmf-dist/tex/latex/latexconfig/epstopdf-sys.cfg
File: epstopdf-sys.cfg 2010/07/13 v1.3 Configuration of (r)epstopdf for TeX Live
))
*geometry* driver: auto-detecting
*geometry* detected driver: pdftex
*geometry* verbose mode - [ preamble ] result:
* driver: pdftex
* paper: <default>
* layout: <same size as paper>
* layoutoffset:(h,v)=(0.0pt,0.0pt)
* modes: 
* h-part:(L,W,R)=(72.26999pt, 469.75502pt, 72.26999pt)
* v-part:(T,H,B)=(72.26999pt, 650.43001pt, 72.26999pt)
* \paperwidth=614.295pt
* \paperheight=794.96999pt
* \textwidth=469.75502pt
* \textheight=650.43001pt
* \oddsidemargin=0.0pt
* \evensidemargin=0.0pt
* \topmargin=-37.0pt
* \headheight=12.0pt
* \headsep=25.0pt
* \topskip=10.0pt
* \footskip=30.0pt
* \marginparwidth=65.0pt
* \marginparsep=11.0pt
* \columnsep=10.0pt
* \skip\footins=9.0pt plus 4.0pt minus 2.0pt
* \hoffset=0.0pt
* \voffset=0.0pt
* \mag=1000
* \@twocolumnfalse
* \@twosidefalse
* \@mparswitchfalse
* \@reversemarginfalse
* (1in=72.27pt=25.4mm, 1cm=28.453pt)

Package hyperref Info: Link coloring OFF on input line 92.
LaTeX Font Info:    Trying to load font information for OT1+lmr on input line 94.
(/Users/danielacossio/Library/TinyTeX/texmf-dist/tex/latex/lm/ot1lmr.fd
File: ot1lmr.fd 2015/05/01 v1.6.1 Font defs for Latin Modern
)
LaTeX Font Info:    Trying to load font information for OML+lmm on input line 94.
(/Users/danielacossio/Library/TinyTeX/texmf-dist/tex/latex/lm/omllmm.fd
File: omllmm.fd 2015/05/01 v1.6.1 Font defs for Latin Modern
)
LaTeX Font Info:    Trying to load font information for OMS+lmsy on input line 94.
(/Users/danielacossio/Library/TinyTeX/texmf-dist/tex/latex/lm/omslmsy.fd
File: omslmsy.fd 2015/05/01 v1.6.1 Font defs for Latin Modern
)
LaTeX Font Info:    Trying to load font information for OMX+lmex on input line 94.
(/Users/danielacossio/Library/TinyTeX/texmf-dist/tex/latex/lm/omxlmex.fd
File: omxlmex.fd 2015/05/01 v1.6.1 Font defs for Latin Modern
)
LaTeX Font Info:    External font `lmex10' loaded for size
(Font)              <12> on input line 94.
LaTeX Font Info:    External font `lmex10' loaded for size
(Font)              <8> on input line 94.
LaTeX Font Info:    External font `lmex10' loaded for size
(Font)              <6> on input line 94.
LaTeX Font Info:    Trying to load font information for U+msa on input line 94.
(/Users/danielacossio/Library/TinyTeX/texmf-dist/tex/latex/amsfonts/umsa.fd
File: umsa.fd 2013/01/14 v3.01 AMS symbols A
)
LaTeX Font Info:    Trying to load font information for U+msb on input line 94.
(/Users/danielacossio/Library/TinyTeX/texmf-dist/tex/latex/amsfonts/umsb.fd
File: umsb.fd 2013/01/14 v3.01 AMS symbols B
) (./hippocampal_subfield.toc
LaTeX Font Info:    External font `lmex10' loaded for size
(Font)              <10> on input line 3.
LaTeX Font Info:    External font `lmex10' loaded for size
(Font)              <7> on input line 3.
LaTeX Font Info:    External font `lmex10' loaded for size
(Font)              <5> on input line 3.
)
\tf@toc=\write3
\openout3 = `hippocampal_subfield.toc'.



[1

{/Users/danielacossio/Library/TinyTeX/texmf-var/fonts/map/pdftex/updmap/pdftex.map}{/Users/danielacossio/Library/TinyTeX/texmf-dist/fonts/enc/dvips/lm/lm-ec.enc}]
<hippocampal_subfield_files/figure-latex/unnamed-chunk-1-1.pdf, id=30, 722.7pt x 325.215pt>
File: hippocampal_subfield_files/figure-latex/unnamed-chunk-1-1.pdf Graphic file (type pdf)
<use hippocampal_subfield_files/figure-latex/unnamed-chunk-1-1.pdf>
Package pdftex.def Info: hippocampal_subfield_files/figure-latex/unnamed-chunk-1-1.pdf  used on input line 121.
(pdftex.def)             Requested size: 469.76045pt x 211.3922pt.
LaTeX Font Info:    Trying to load font information for T1+lmtt on input line 128.
(/Users/danielacossio/Library/TinyTeX/texmf-dist/tex/latex/lm/t1lmtt.fd
File: t1lmtt.fd 2015/05/01 v1.6.1 Font defs for Latin Modern
)

[2 <./hippocampal_subfield_files/figure-latex/unnamed-chunk-1-1.pdf>]
<hippocampal_subfield_files/figure-latex/Avg CA1 + avg angular error MLR-1.pdf, id=47, 469.755pt x 325.215pt>
File: hippocampal_subfield_files/figure-latex/Avg CA1 + avg angular error MLR-1.pdf Graphic file (type pdf)
<use hippocampal_subfield_files/figure-latex/Avg CA1 + avg angular error MLR-1.pdf>
Package pdftex.def Info: hippocampal_subfield_files/figure-latex/Avg CA1 + avg angular error MLR-1.pdf  used on input line 151.
(pdftex.def)             Requested size: 469.75386pt x 325.2142pt.


[3 <./hippocampal_subfield_files/figure-latex/Avg CA1 + avg angular error MLR-1.pdf>]
<hippocampal_subfield_files/figure-latex/unnamed-chunk-2-1.pdf, id=61, 722.7pt x 325.215pt>
File: hippocampal_subfield_files/figure-latex/unnamed-chunk-2-1.pdf Graphic file (type pdf)
<use hippocampal_subfield_files/figure-latex/unnamed-chunk-2-1.pdf>
Package pdftex.def Info: hippocampal_subfield_files/figure-latex/unnamed-chunk-2-1.pdf  used on input line 160.
(pdftex.def)             Requested size: 469.76045pt x 211.3922pt.
<hippocampal_subfield_files/figure-latex/Avg CA2 + avg angular error MLR-1.pdf, id=62, 469.755pt x 325.215pt>
File: hippocampal_subfield_files/figure-latex/Avg CA2 + avg angular error MLR-1.pdf Graphic file (type pdf)
<use hippocampal_subfield_files/figure-latex/Avg CA2 + avg angular error MLR-1.pdf>
Package pdftex.def Info: hippocampal_subfield_files/figure-latex/Avg CA2 + avg angular error MLR-1.pdf  used on input line 190.
(pdftex.def)             Requested size: 469.75386pt x 325.2142pt.


[4 <./hippocampal_subfield_files/figure-latex/unnamed-chunk-2-1.pdf>]
<hippocampal_subfield_files/figure-latex/unnamed-chunk-3-1.pdf, id=79, 722.7pt x 325.215pt>
File: hippocampal_subfield_files/figure-latex/unnamed-chunk-3-1.pdf Graphic file (type pdf)
<use hippocampal_subfield_files/figure-latex/unnamed-chunk-3-1.pdf>
Package pdftex.def Info: hippocampal_subfield_files/figure-latex/unnamed-chunk-3-1.pdf  used on input line 196.
(pdftex.def)             Requested size: 469.76045pt x 211.3922pt.


[5 <./hippocampal_subfield_files/figure-latex/Avg CA2 + avg angular error MLR-1.pdf> <./hippocampal_subfield_files/figure-latex/unnamed-chunk-3-1.pdf>]
<hippocampal_subfield_files/figure-latex/Avg DG + avg angular error MLR-1.pdf, id=104, 469.755pt x 325.215pt>
File: hippocampal_subfield_files/figure-latex/Avg DG + avg angular error MLR-1.pdf Graphic file (type pdf)
<use hippocampal_subfield_files/figure-latex/Avg DG + avg angular error MLR-1.pdf>
Package pdftex.def Info: hippocampal_subfield_files/figure-latex/Avg DG + avg angular error MLR-1.pdf  used on input line 226.
(pdftex.def)             Requested size: 469.75386pt x 325.2142pt.


[6 <./hippocampal_subfield_files/figure-latex/Avg DG + avg angular error MLR-1.pdf>]
<hippocampal_subfield_files/figure-latex/unnamed-chunk-4-1.pdf, id=118, 722.7pt x 325.215pt>
File: hippocampal_subfield_files/figure-latex/unnamed-chunk-4-1.pdf Graphic file (type pdf)
<use hippocampal_subfield_files/figure-latex/unnamed-chunk-4-1.pdf>
Package pdftex.def Info: hippocampal_subfield_files/figure-latex/unnamed-chunk-4-1.pdf  used on input line 233.
(pdftex.def)             Requested size: 469.76045pt x 211.3922pt.
<hippocampal_subfield_files/figure-latex/Avg PHC + avg angular error MLR-1.pdf, id=119, 469.755pt x 325.215pt>
File: hippocampal_subfield_files/figure-latex/Avg PHC + avg angular error MLR-1.pdf Graphic file (type pdf)
<use hippocampal_subfield_files/figure-latex/Avg PHC + avg angular error MLR-1.pdf>
Package pdftex.def Info: hippocampal_subfield_files/figure-latex/Avg PHC + avg angular error MLR-1.pdf  used on input line 265.
(pdftex.def)             Requested size: 469.75386pt x 325.2142pt.


[7 <./hippocampal_subfield_files/figure-latex/unnamed-chunk-4-1.pdf>]
<hippocampal_subfield_files/figure-latex/unnamed-chunk-5-1.pdf, id=136, 722.7pt x 325.215pt>
File: hippocampal_subfield_files/figure-latex/unnamed-chunk-5-1.pdf Graphic file (type pdf)
<use hippocampal_subfield_files/figure-latex/unnamed-chunk-5-1.pdf>
Package pdftex.def Info: hippocampal_subfield_files/figure-latex/unnamed-chunk-5-1.pdf  used on input line 273.
(pdftex.def)             Requested size: 469.76045pt x 211.3922pt.


[8 <./hippocampal_subfield_files/figure-latex/Avg PHC + avg angular error MLR-1.pdf> <./hippocampal_subfield_files/figure-latex/unnamed-chunk-5-1.pdf>]
<hippocampal_subfield_files/figure-latex/Avg PRC + avg angular error MLR-1.pdf, id=162, 469.755pt x 325.215pt>
File: hippocampal_subfield_files/figure-latex/Avg PRC + avg angular error MLR-1.pdf Graphic file (type pdf)
<use hippocampal_subfield_files/figure-latex/Avg PRC + avg angular error MLR-1.pdf>
Package pdftex.def Info: hippocampal_subfield_files/figure-latex/Avg PRC + avg angular error MLR-1.pdf  used on input line 303.
(pdftex.def)             Requested size: 469.75386pt x 325.2142pt.

Underfull \hbox (badness 10000) in paragraph at lines 303--305
[][]
 []



[9 <./hippocampal_subfield_files/figure-latex/Avg PRC + avg angular error MLR-1.pdf>]
<hippocampal_subfield_files/figure-latex/unnamed-chunk-6-1.pdf, id=176, 722.7pt x 325.215pt>
File: hippocampal_subfield_files/figure-latex/unnamed-chunk-6-1.pdf Graphic file (type pdf)
<use hippocampal_subfield_files/figure-latex/unnamed-chunk-6-1.pdf>
Package pdftex.def Info: hippocampal_subfield_files/figure-latex/unnamed-chunk-6-1.pdf  used on input line 311.
(pdftex.def)             Requested size: 469.76045pt x 211.3922pt.
<hippocampal_subfield_files/figure-latex/Avg ERC + avg angular error MLR-1.pdf, id=177, 469.755pt x 325.215pt>
File: hippocampal_subfield_files/figure-latex/Avg ERC + avg angular error MLR-1.pdf Graphic file (type pdf)
<use hippocampal_subfield_files/figure-latex/Avg ERC + avg angular error MLR-1.pdf>
Package pdftex.def Info: hippocampal_subfield_files/figure-latex/Avg ERC + avg angular error MLR-1.pdf  used on input line 343.
(pdftex.def)             Requested size: 469.75386pt x 325.2142pt.

Underfull \hbox (badness 10000) in paragraph at lines 343--345
[][]
 []



[10 <./hippocampal_subfield_files/figure-latex/unnamed-chunk-6-1.pdf>]
<hippocampal_subfield_files/figure-latex/unnamed-chunk-7-1.pdf, id=193, 722.7pt x 325.215pt>
File: hippocampal_subfield_files/figure-latex/unnamed-chunk-7-1.pdf Graphic file (type pdf)
<use hippocampal_subfield_files/figure-latex/unnamed-chunk-7-1.pdf>
Package pdftex.def Info: hippocampal_subfield_files/figure-latex/unnamed-chunk-7-1.pdf  used on input line 350.
(pdftex.def)             Requested size: 469.76045pt x 211.3922pt.


[11 <./hippocampal_subfield_files/figure-latex/Avg ERC + avg angular error MLR-1.pdf> <./hippocampal_subfield_files/figure-latex/unnamed-chunk-7-1.pdf>]
<hippocampal_subfield_files/figure-latex/Avg SUB + avg angular error MLR-1.pdf, id=218, 469.755pt x 325.215pt>
File: hippocampal_subfield_files/figure-latex/Avg SUB + avg angular error MLR-1.pdf Graphic file (type pdf)
<use hippocampal_subfield_files/figure-latex/Avg SUB + avg angular error MLR-1.pdf>
Package pdftex.def Info: hippocampal_subfield_files/figure-latex/Avg SUB + avg angular error MLR-1.pdf  used on input line 380.
(pdftex.def)             Requested size: 469.75386pt x 325.2142pt.

Underfull \hbox (badness 10000) in paragraph at lines 380--382
[][]
 []



[12 <./hippocampal_subfield_files/figure-latex/Avg SUB + avg angular error MLR-1.pdf>]
<hippocampal_subfield_files/figure-latex/unnamed-chunk-8-1.pdf, id=232, 722.7pt x 325.215pt>
File: hippocampal_subfield_files/figure-latex/unnamed-chunk-8-1.pdf Graphic file (type pdf)
<use hippocampal_subfield_files/figure-latex/unnamed-chunk-8-1.pdf>
Package pdftex.def Info: hippocampal_subfield_files/figure-latex/unnamed-chunk-8-1.pdf  used on input line 390.
(pdftex.def)             Requested size: 469.76045pt x 211.3922pt.
<hippocampal_subfield_files/figure-latex/Avg CA1 + rad3 angular errorMLR-1.pdf, id=233, 469.755pt x 325.215pt>
File: hippocampal_subfield_files/figure-latex/Avg CA1 + rad3 angular errorMLR-1.pdf Graphic file (type pdf)
<use hippocampal_subfield_files/figure-latex/Avg CA1 + rad3 angular errorMLR-1.pdf>
Package pdftex.def Info: hippocampal_subfield_files/figure-latex/Avg CA1 + rad3 angular errorMLR-1.pdf  used on input line 420.
(pdftex.def)             Requested size: 469.75386pt x 325.2142pt.

Underfull \hbox (badness 10000) in paragraph at lines 420--422
[][]
 []



[13 <./hippocampal_subfield_files/figure-latex/unnamed-chunk-8-1.pdf>]
<hippocampal_subfield_files/figure-latex/unnamed-chunk-9-1.pdf, id=250, 722.7pt x 325.215pt>
File: hippocampal_subfield_files/figure-latex/unnamed-chunk-9-1.pdf Graphic file (type pdf)
<use hippocampal_subfield_files/figure-latex/unnamed-chunk-9-1.pdf>
Package pdftex.def Info: hippocampal_subfield_files/figure-latex/unnamed-chunk-9-1.pdf  used on input line 427.
(pdftex.def)             Requested size: 469.76045pt x 211.3922pt.


[14 <./hippocampal_subfield_files/figure-latex/Avg CA1 + rad3 angular errorMLR-1.pdf> <./hippocampal_subfield_files/figure-latex/unnamed-chunk-9-1.pdf>]
<hippocampal_subfield_files/figure-latex/avg CA2/3 + rad3 angular errorMLR-1.pdf, id=276, 469.755pt x 325.215pt>
File: hippocampal_subfield_files/figure-latex/avg CA2/3 + rad3 angular errorMLR-1.pdf Graphic file (type pdf)
<use hippocampal_subfield_files/figure-latex/avg CA2/3 + rad3 angular errorMLR-1.pdf>
Package pdftex.def Info: hippocampal_subfield_files/figure-latex/avg CA2/3 + rad3 angular errorMLR-1.pdf  used on input line 457.
(pdftex.def)             Requested size: 469.75386pt x 325.2142pt.

Underfull \hbox (badness 10000) in paragraph at lines 457--459
[][]
 []



[15 <./hippocampal_subfield_files/figure-latex/avg CA2/3 + rad3 angular errorMLR-1.pdf>]
<hippocampal_subfield_files/figure-latex/unnamed-chunk-10-1.pdf, id=290, 722.7pt x 325.215pt>
File: hippocampal_subfield_files/figure-latex/unnamed-chunk-10-1.pdf Graphic file (type pdf)
<use hippocampal_subfield_files/figure-latex/unnamed-chunk-10-1.pdf>
Package pdftex.def Info: hippocampal_subfield_files/figure-latex/unnamed-chunk-10-1.pdf  used on input line 465.
(pdftex.def)             Requested size: 469.76045pt x 211.3922pt.
<hippocampal_subfield_files/figure-latex/AVG DG + rad3 angular errorMLR-1.pdf, id=291, 469.755pt x 325.215pt>
File: hippocampal_subfield_files/figure-latex/AVG DG + rad3 angular errorMLR-1.pdf Graphic file (type pdf)
<use hippocampal_subfield_files/figure-latex/AVG DG + rad3 angular errorMLR-1.pdf>
Package pdftex.def Info: hippocampal_subfield_files/figure-latex/AVG DG + rad3 angular errorMLR-1.pdf  used on input line 495.
(pdftex.def)             Requested size: 469.75386pt x 325.2142pt.

Underfull \hbox (badness 10000) in paragraph at lines 495--497
[][]
 []



[16 <./hippocampal_subfield_files/figure-latex/unnamed-chunk-10-1.pdf>]
<hippocampal_subfield_files/figure-latex/unnamed-chunk-11-1.pdf, id=307, 722.7pt x 325.215pt>
File: hippocampal_subfield_files/figure-latex/unnamed-chunk-11-1.pdf Graphic file (type pdf)
<use hippocampal_subfield_files/figure-latex/unnamed-chunk-11-1.pdf>
Package pdftex.def Info: hippocampal_subfield_files/figure-latex/unnamed-chunk-11-1.pdf  used on input line 502.
(pdftex.def)             Requested size: 469.76045pt x 211.3922pt.


[17 <./hippocampal_subfield_files/figure-latex/AVG DG + rad3 angular errorMLR-1.pdf> <./hippocampal_subfield_files/figure-latex/unnamed-chunk-11-1.pdf>]
<hippocampal_subfield_files/figure-latex/Avg PHC + rad3 angular errorMLR-1.pdf, id=332, 469.755pt x 325.215pt>
File: hippocampal_subfield_files/figure-latex/Avg PHC + rad3 angular errorMLR-1.pdf Graphic file (type pdf)
<use hippocampal_subfield_files/figure-latex/Avg PHC + rad3 angular errorMLR-1.pdf>
Package pdftex.def Info: hippocampal_subfield_files/figure-latex/Avg PHC + rad3 angular errorMLR-1.pdf  used on input line 534.
(pdftex.def)             Requested size: 469.75386pt x 325.2142pt.

Underfull \hbox (badness 10000) in paragraph at lines 534--536
[][]
 []



[18 <./hippocampal_subfield_files/figure-latex/Avg PHC + rad3 angular errorMLR-1.pdf>]
<hippocampal_subfield_files/figure-latex/unnamed-chunk-12-1.pdf, id=346, 722.7pt x 325.215pt>
File: hippocampal_subfield_files/figure-latex/unnamed-chunk-12-1.pdf Graphic file (type pdf)
<use hippocampal_subfield_files/figure-latex/unnamed-chunk-12-1.pdf>
Package pdftex.def Info: hippocampal_subfield_files/figure-latex/unnamed-chunk-12-1.pdf  used on input line 542.
(pdftex.def)             Requested size: 469.76045pt x 211.3922pt.
<hippocampal_subfield_files/figure-latex/Avg PRC + rad3 angular errorMLR-1.pdf, id=347, 469.755pt x 325.215pt>
File: hippocampal_subfield_files/figure-latex/Avg PRC + rad3 angular errorMLR-1.pdf Graphic file (type pdf)
<use hippocampal_subfield_files/figure-latex/Avg PRC + rad3 angular errorMLR-1.pdf>
Package pdftex.def Info: hippocampal_subfield_files/figure-latex/Avg PRC + rad3 angular errorMLR-1.pdf  used on input line 572.
(pdftex.def)             Requested size: 469.75386pt x 325.2142pt.

Underfull \hbox (badness 10000) in paragraph at lines 572--574
[][]
 []



[19 <./hippocampal_subfield_files/figure-latex/unnamed-chunk-12-1.pdf>]
<hippocampal_subfield_files/figure-latex/unnamed-chunk-13-1.pdf, id=364, 722.7pt x 325.215pt>
File: hippocampal_subfield_files/figure-latex/unnamed-chunk-13-1.pdf Graphic file (type pdf)
<use hippocampal_subfield_files/figure-latex/unnamed-chunk-13-1.pdf>
Package pdftex.def Info: hippocampal_subfield_files/figure-latex/unnamed-chunk-13-1.pdf  used on input line 579.
(pdftex.def)             Requested size: 469.76045pt x 211.3922pt.


[20 <./hippocampal_subfield_files/figure-latex/Avg PRC + rad3 angular errorMLR-1.pdf> <./hippocampal_subfield_files/figure-latex/unnamed-chunk-13-1.pdf>]
<hippocampal_subfield_files/figure-latex/Avg ERC + rad3 angular errorMLR-1.pdf, id=389, 469.755pt x 325.215pt>
File: hippocampal_subfield_files/figure-latex/Avg ERC + rad3 angular errorMLR-1.pdf Graphic file (type pdf)
<use hippocampal_subfield_files/figure-latex/Avg ERC + rad3 angular errorMLR-1.pdf>
Package pdftex.def Info: hippocampal_subfield_files/figure-latex/Avg ERC + rad3 angular errorMLR-1.pdf  used on input line 609.
(pdftex.def)             Requested size: 469.75386pt x 325.2142pt.

Underfull \hbox (badness 10000) in paragraph at lines 609--611
[][]
 []



[21 <./hippocampal_subfield_files/figure-latex/Avg ERC + rad3 angular errorMLR-1.pdf>]
<hippocampal_subfield_files/figure-latex/unnamed-chunk-14-1.pdf, id=403, 722.7pt x 325.215pt>
File: hippocampal_subfield_files/figure-latex/unnamed-chunk-14-1.pdf Graphic file (type pdf)
<use hippocampal_subfield_files/figure-latex/unnamed-chunk-14-1.pdf>
Package pdftex.def Info: hippocampal_subfield_files/figure-latex/unnamed-chunk-14-1.pdf  used on input line 617.
(pdftex.def)             Requested size: 469.76045pt x 211.3922pt.
<hippocampal_subfield_files/figure-latex/Avg SUB + rad3 angular errorMLR-1.pdf, id=404, 469.755pt x 325.215pt>
File: hippocampal_subfield_files/figure-latex/Avg SUB + rad3 angular errorMLR-1.pdf Graphic file (type pdf)
<use hippocampal_subfield_files/figure-latex/Avg SUB + rad3 angular errorMLR-1.pdf>
Package pdftex.def Info: hippocampal_subfield_files/figure-latex/Avg SUB + rad3 angular errorMLR-1.pdf  used on input line 647.
(pdftex.def)             Requested size: 469.75386pt x 325.2142pt.

Underfull \hbox (badness 10000) in paragraph at lines 647--649
[][]
 []



[22 <./hippocampal_subfield_files/figure-latex/unnamed-chunk-14-1.pdf>]

[23 <./hippocampal_subfield_files/figure-latex/Avg SUB + rad3 angular errorMLR-1.pdf>]
<hippocampal_subfield_files/figure-latex/unnamed-chunk-15-1.pdf, id=434, 722.7pt x 325.215pt>
File: hippocampal_subfield_files/figure-latex/unnamed-chunk-15-1.pdf Graphic file (type pdf)
<use hippocampal_subfield_files/figure-latex/unnamed-chunk-15-1.pdf>
Package pdftex.def Info: hippocampal_subfield_files/figure-latex/unnamed-chunk-15-1.pdf  used on input line 661.
(pdftex.def)             Requested size: 469.76045pt x 211.3922pt.


[24 <./hippocampal_subfield_files/figure-latex/unnamed-chunk-15-1.pdf>]
<hippocampal_subfield_files/figure-latex/Avg CA1 + AVG Degrees Traveled MLR-1.pdf, id=450, 469.755pt x 325.215pt>
File: hippocampal_subfield_files/figure-latex/Avg CA1 + AVG Degrees Traveled MLR-1.pdf Graphic file (type pdf)
<use hippocampal_subfield_files/figure-latex/Avg CA1 + AVG Degrees Traveled MLR-1.pdf>
Package pdftex.def Info: hippocampal_subfield_files/figure-latex/Avg CA1 + AVG Degrees Traveled MLR-1.pdf  used on input line 693.
(pdftex.def)             Requested size: 469.75386pt x 325.2142pt.

Underfull \hbox (badness 10000) in paragraph at lines 693--695
[][]
 []

<hippocampal_subfield_files/figure-latex/unnamed-chunk-16-1.pdf, id=451, 722.7pt x 325.215pt>
File: hippocampal_subfield_files/figure-latex/unnamed-chunk-16-1.pdf Graphic file (type pdf)
<use hippocampal_subfield_files/figure-latex/unnamed-chunk-16-1.pdf>
Package pdftex.def Info: hippocampal_subfield_files/figure-latex/unnamed-chunk-16-1.pdf  used on input line 700.
(pdftex.def)             Requested size: 469.76045pt x 211.3922pt.


[25 <./hippocampal_subfield_files/figure-latex/Avg CA1 + AVG Degrees Traveled MLR-1.pdf>]
<hippocampal_subfield_files/figure-latex/unnamed-chunk-17-1.pdf, id=467, 722.7pt x 325.215pt>
File: hippocampal_subfield_files/figure-latex/unnamed-chunk-17-1.pdf Graphic file (type pdf)
<use hippocampal_subfield_files/figure-latex/unnamed-chunk-17-1.pdf>
Package pdftex.def Info: hippocampal_subfield_files/figure-latex/unnamed-chunk-17-1.pdf  used on input line 706.
(pdftex.def)             Requested size: 469.76045pt x 211.3922pt.
<hippocampal_subfield_files/figure-latex/unnamed-chunk-18-1.pdf, id=468, 722.7pt x 325.215pt>
File: hippocampal_subfield_files/figure-latex/unnamed-chunk-18-1.pdf Graphic file (type pdf)
<use hippocampal_subfield_files/figure-latex/unnamed-chunk-18-1.pdf>
Package pdftex.def Info: hippocampal_subfield_files/figure-latex/unnamed-chunk-18-1.pdf  used on input line 712.
(pdftex.def)             Requested size: 469.76045pt x 211.3922pt.


[26 <./hippocampal_subfield_files/figure-latex/unnamed-chunk-16-1.pdf> <./hippocampal_subfield_files/figure-latex/unnamed-chunk-17-1.pdf>]
<hippocampal_subfield_files/figure-latex/unnamed-chunk-19-1.pdf, id=495, 722.7pt x 325.215pt>
File: hippocampal_subfield_files/figure-latex/unnamed-chunk-19-1.pdf Graphic file (type pdf)
<use hippocampal_subfield_files/figure-latex/unnamed-chunk-19-1.pdf>
Package pdftex.def Info: hippocampal_subfield_files/figure-latex/unnamed-chunk-19-1.pdf  used on input line 718.
(pdftex.def)             Requested size: 469.76045pt x 211.3922pt.


[27 <./hippocampal_subfield_files/figure-latex/unnamed-chunk-18-1.pdf> <./hippocampal_subfield_files/figure-latex/unnamed-chunk-19-1.pdf>] (./hippocampal_subfield.aux)
 ***********
LaTeX2e <2024-06-01> patch level 2
L3 programming layer <2024-09-10>
 ***********
 ) 
Here is how much of TeX's memory you used:
 13900 strings out of 475539
 234404 string characters out of 5776063
 701732 words of memory out of 5000000
 36236 multiletter control sequences out of 15000+600000
 609775 words of font info for 78 fonts, out of 8000000 for 9000
 14 hyphenation exceptions out of 8191
 89i,7n,93p,376b,588s stack positions out of 10000i,1000n,20000p,200000b,200000s
</Users/danielacossio/Library/TinyTeX/texmf-dist/fonts/type1/public/lm/lmbx10.pfb></Users/danielacossio/Library/TinyTeX/texmf-dist/fonts/type1/public/lm/lmbx12.pfb></Users/danielacossio/Library/TinyTeX/texmf-dist/fonts/type1/public/lm/lmr10.pfb></Users/danielacossio/Library/TinyTeX/texmf-dist/fonts/type1/public/lm/lmr12.pfb></Users/danielacossio/Library/TinyTeX/texmf-dist/fonts/type1/public/lm/lmr17.pfb></Users/danielacossio/Library/TinyTeX/texmf-dist/fonts/type1/public/lm/lmtt10.pfb>
Output written on hippocampal_subfield.pdf (27 pages, 572863 bytes).
PDF statistics:
 589 PDF objects out of 1000 (max. 8388607)
 460 compressed objects within 5 object streams
 56 named destinations out of 1000 (max. 500000)
 235 words of extra memory for PDF output out of 10000 (max. 10000000)

